<?xml version="1.0" encoding="UTF-8"?>
<!-- Generated by org.testng.reporters.JUnitXMLReporter -->
<testsuite hostname="Shree-PC" name="GRP-functionalTest" tests="7" failures="0" timestamp="23 Jul 2018 06:15:20 GMT" time="0.078" errors="0">
  <testcase name="f" time="0.016" classname="com.abp.four.FTest"/>
  <testcase name="c" time="0.0" classname="com.abp.two.CTest"/>
  <testcase name="d" time="0.0" classname="com.abp.three.DTest"/>
  <testcase name="e" time="0.0" classname="com.abp.three.ETest"/>
  <testcase name="c" time="0.0" classname="com.abp.two.BTest"/>
  <testcase name="a" time="0.0" classname="com.abp.two.ATest"/>
  <testcase name="b" time="0.0" classname="com.abp.two.ATest"/>
</testsuite> <!-- GRP-functionalTest -->
